  [1m[35m (5.9ms)[0m  [1m[35mCREATE DATABASE `myapp_development` DEFAULT CHARACTER SET `utf8mb4`[0m
  [1m[35m (7.3ms)[0m  [1m[35mCREATE DATABASE `myapp_test` DEFAULT CHARACTER SET `utf8mb4`[0m
  [1m[35m (24.8ms)[0m  [1m[35mCREATE TABLE `schema_migrations` (`version` varchar(255) NOT NULL PRIMARY KEY)[0m
  [1m[35m (19.8ms)[0m  [1m[35mCREATE TABLE `ar_internal_metadata` (`key` varchar(255) NOT NULL PRIMARY KEY, `value` varchar(255), `created_at` datetime(6) NOT NULL, `updated_at` datetime(6) NOT NULL)[0m
  [1m[35m (0.4ms)[0m  [1m[34mSELECT GET_LOCK('7864839756650184315', 0)[0m
  [1m[36mActiveRecord::SchemaMigration Pluck (5.7ms)[0m  [1m[34mSELECT `schema_migrations`.`version` FROM `schema_migrations` ORDER BY `schema_migrations`.`version` ASC[0m
  [1m[36mActiveRecord::InternalMetadata Load (1.6ms)[0m  [1m[34mSELECT `ar_internal_metadata`.* FROM `ar_internal_metadata` WHERE `ar_internal_metadata`.`key` = 'environment' LIMIT 1[0m
  [1m[36mTRANSACTION (0.8ms)[0m  [1m[35mBEGIN[0m
  [1m[36mActiveRecord::InternalMetadata Create (1.2ms)[0m  [1m[32mINSERT INTO `ar_internal_metadata` (`key`, `value`, `created_at`, `updated_at`) VALUES ('environment', 'development', '2022-05-01 08:10:38.525277', '2022-05-01 08:10:38.525277')[0m
  [1m[36mTRANSACTION (4.4ms)[0m  [1m[35mCOMMIT[0m
  [1m[35m (0.6ms)[0m  [1m[34mSELECT RELEASE_LOCK('7864839756650184315')[0m
  [1m[36mActiveRecord::SchemaMigration Pluck (0.6ms)[0m  [1m[34mSELECT `schema_migrations`.`version` FROM `schema_migrations` ORDER BY `schema_migrations`.`version` ASC[0m
Started GET "/" for 172.21.0.1 at 2022-05-01 17:11:25 +0900
  [1m[36mActiveRecord::SchemaMigration Pluck (0.8ms)[0m  [1m[34mSELECT `schema_migrations`.`version` FROM `schema_migrations` ORDER BY `schema_migrations`.`version` ASC[0m
Processing by Rails::WelcomeController#index as HTML
  Rendering /usr/local/bundle/gems/railties-7.0.2.4/lib/rails/templates/rails/welcome/index.html.erb
  Rendered /usr/local/bundle/gems/railties-7.0.2.4/lib/rails/templates/rails/welcome/index.html.erb (Duration: 13.0ms | Allocations: 633)
Completed 200 OK in 154ms (Views: 55.4ms | ActiveRecord: 0.0ms | Allocations: 4766)


Started GET "/serviceworker.js" for 172.21.0.1 at 2022-05-01 17:11:28 +0900
  
ActionController::RoutingError (No route matches [GET] "/serviceworker.js"):
  
Started GET "/" for 172.21.0.1 at 2022-05-01 17:14:04 +0900
Started GET "/serviceworker.js" for 172.21.0.1 at 2022-05-01 17:14:04 +0900
  [1m[36mActiveRecord::SchemaMigration Pluck (5.1ms)[0m  [1m[34mSELECT `schema_migrations`.`version` FROM `schema_migrations` ORDER BY `schema_migrations`.`version` ASC[0m
  
ActionController::RoutingError (No route matches [GET] "/serviceworker.js"):
  
Processing by Rails::WelcomeController#index as HTML
  Rendering /usr/local/bundle/gems/railties-7.0.2.4/lib/rails/templates/rails/welcome/index.html.erb
  Rendered /usr/local/bundle/gems/railties-7.0.2.4/lib/rails/templates/rails/welcome/index.html.erb (Duration: 5.5ms | Allocations: 526)
Completed 200 OK in 49ms (Views: 21.5ms | ActiveRecord: 0.0ms | Allocations: 3430)


Started GET "/serviceworker.js" for 172.21.0.1 at 2022-05-01 17:14:07 +0900
  
ActionController::RoutingError (No route matches [GET] "/serviceworker.js"):
  
  [1m[35m (0.4ms)[0m  [1m[34mSELECT GET_LOCK('7864839756650184315', 0)[0m
  [1m[36mActiveRecord::SchemaMigration Pluck (4.7ms)[0m  [1m[34mSELECT `schema_migrations`.`version` FROM `schema_migrations` ORDER BY `schema_migrations`.`version` ASC[0m
Migrating to CreateUsers (20220504061319)
  [1m[35m (0.8ms)[0m  [1m[35mCREATE TABLE `users` (`id` bigint NOT NULL AUTO_INCREMENT PRIMARY KEY, `name` varchar(255) DEFAULT '' NOT NULL, `email` varchar(255) DEFAULT '', `uid` varchar(255) DEFAULT '' NOT NULL, `introduction` text DEFAULT '', `created_at` datetime(6) NOT NULL, `updated_at` datetime(6) NOT NULL, UNIQUE INDEX `index_users_on_uid` (`uid`))[0m
  [1m[35m (0.6ms)[0m  [1m[34mSELECT RELEASE_LOCK('7864839756650184315')[0m
  [1m[35m (0.3ms)[0m  [1m[34mSELECT GET_LOCK('7864839756650184315', 0)[0m
  [1m[36mActiveRecord::SchemaMigration Pluck (0.6ms)[0m  [1m[34mSELECT `schema_migrations`.`version` FROM `schema_migrations` ORDER BY `schema_migrations`.`version` ASC[0m
Migrating to CreateUsers (20220504061319)
  [1m[35m (26.5ms)[0m  [1m[35mCREATE TABLE `users` (`id` bigint NOT NULL AUTO_INCREMENT PRIMARY KEY, `name` varchar(255) DEFAULT '' NOT NULL, `email` varchar(255) DEFAULT '', `uid` varchar(255) DEFAULT '' NOT NULL, `introduction` text, `created_at` datetime(6) NOT NULL, `updated_at` datetime(6) NOT NULL, UNIQUE INDEX `index_users_on_uid` (`uid`))[0m
  [1m[36mTRANSACTION (0.5ms)[0m  [1m[35mBEGIN[0m
  [1m[36mActiveRecord::SchemaMigration Create (1.7ms)[0m  [1m[32mINSERT INTO `schema_migrations` (`version`) VALUES ('20220504061319')[0m
  [1m[36mTRANSACTION (3.0ms)[0m  [1m[35mCOMMIT[0m
  [1m[36mActiveRecord::InternalMetadata Load (1.6ms)[0m  [1m[34mSELECT `ar_internal_metadata`.* FROM `ar_internal_metadata` WHERE `ar_internal_metadata`.`key` = 'environment' LIMIT 1[0m
  [1m[35m (0.4ms)[0m  [1m[34mSELECT RELEASE_LOCK('7864839756650184315')[0m
  [1m[36mActiveRecord::SchemaMigration Pluck (0.6ms)[0m  [1m[34mSELECT `schema_migrations`.`version` FROM `schema_migrations` ORDER BY `schema_migrations`.`version` ASC[0m
Started OPTIONS "/api/v1/auth/users" for 172.21.0.1 at 2022-05-04 16:09:10 +0900
Started OPTIONS "/api/v1/auth/users" for 172.21.0.1 at 2022-05-04 16:09:10 +0900
  [1m[36mActiveRecord::SchemaMigration Pluck (11.4ms)[0m  [1m[34mSELECT `schema_migrations`.`version` FROM `schema_migrations` ORDER BY `schema_migrations`.`version` ASC[0m
  
ActionController::RoutingError (No route matches [OPTIONS] "/api/v1/auth/users"):
  
  
ActionController::RoutingError (No route matches [OPTIONS] "/api/v1/auth/users"):
  
Started OPTIONS "/api/v1/auth/users" for 172.21.0.1 at 2022-05-04 16:09:40 +0900
Started OPTIONS "/api/v1/auth/users" for 172.21.0.1 at 2022-05-04 16:09:40 +0900
  
ActionController::RoutingError (No route matches [OPTIONS] "/api/v1/auth/users"):
  
  
ActionController::RoutingError (No route matches [OPTIONS] "/api/v1/auth/users"):
  
Started POST "/api/v1/auth/users" for 172.21.0.1 at 2022-05-04 16:10:07 +0900
Processing by Api::V1::Auth::UsersController#create as */*
  Parameters: {"token"=>"[FILTERED]"}
Completed 500 Internal Server Error in 2ms (ActiveRecord: 0.0ms | Allocations: 525)


  
Redis::CannotConnectError (Error connecting to Redis on 127.0.0.1:6379 (Errno::ECONNREFUSED)):
  
app/controllers/api/v1/auth/users_controller.rb:9:in `create'
Started POST "/api/v1/auth/users" for 172.21.0.1 at 2022-05-04 16:33:58 +0900
  [1m[36mActiveRecord::SchemaMigration Pluck (7.4ms)[0m  [1m[34mSELECT `schema_migrations`.`version` FROM `schema_migrations` ORDER BY `schema_migrations`.`version` ASC[0m
Processing by Api::V1::Auth::UsersController#create as */*
  Parameters: {"token"=>"[FILTERED]"}
  [1m[36mUser Load (2.6ms)[0m  [1m[34mSELECT `users`.* FROM `users` WHERE `users`.`uid` = 'WDzn2cqQh7QFg2PPGRVGk1Cbcmx1' LIMIT 1[0m
  â†³ app/controllers/api/v1/auth/users_controller.rb:11:in `create'
Completed 500 Internal Server Error in 75ms (ActiveRecord: 11.7ms | Allocations: 9925)


  
NameError (undefined local variable or method `payloard' for #<Api::V1::Auth::UsersController:0x00000000020670>
Did you mean?  payload
               @payload):
  
app/controllers/api/v1/auth/users_controller.rb:13:in `block in create'
app/controllers/api/v1/auth/users_controller.rb:11:in `create'
Started POST "/api/v1/auth/users" for 172.21.0.1 at 2022-05-04 16:34:30 +0900
Processing by Api::V1::Auth::UsersController#create as */*
  Parameters: {"token"=>"[FILTERED]"}
  [1m[36mUser Load (0.7ms)[0m  [1m[34mSELECT `users`.* FROM `users` WHERE `users`.`uid` = 'WDzn2cqQh7QFg2PPGRVGk1Cbcmx1' LIMIT 1[0m
  â†³ app/controllers/api/v1/auth/users_controller.rb:11:in `create'
  [1m[36mTRANSACTION (0.5ms)[0m  [1m[35mBEGIN[0m
  â†³ app/controllers/api/v1/auth/users_controller.rb:15:in `create'
  [1m[36mUser Create (2.8ms)[0m  [1m[32mINSERT INTO `users` (`name`, `email`, `uid`, `introduction`, `created_at`, `updated_at`) VALUES ('ä½è—¤å¤§åœ°', 'daichiexperience@gmail.com', 'WDzn2cqQh7QFg2PPGRVGk1Cbcmx1', NULL, '2022-05-04 07:34:30.564057', '2022-05-04 07:34:30.564057')[0m
  â†³ app/controllers/api/v1/auth/users_controller.rb:15:in `create'
  [1m[36mTRANSACTION (3.6ms)[0m  [1m[35mCOMMIT[0m
  â†³ app/controllers/api/v1/auth/users_controller.rb:15:in `create'
Completed 200 OK in 48ms (Views: 0.5ms | ActiveRecord: 13.0ms | Allocations: 6471)


Started POST "/api/v1/auth/users" for 172.21.0.1 at 2022-05-04 16:36:44 +0900
  [1m[36mActiveRecord::SchemaMigration Pluck (5.8ms)[0m  [1m[34mSELECT `schema_migrations`.`version` FROM `schema_migrations` ORDER BY `schema_migrations`.`version` ASC[0m
Processing by Api::V1::Auth::UsersController#create as */*
  Parameters: {"token"=>"[FILTERED]"}
  [1m[36mUser Load (2.8ms)[0m  [1m[34mSELECT `users`.* FROM `users` WHERE `users`.`uid` = 'WDzn2cqQh7QFg2PPGRVGk1Cbcmx1' LIMIT 1[0m
  â†³ app/controllers/api/v1/auth/users_controller.rb:11:in `create'
Completed 200 OK in 45ms (Views: 0.5ms | ActiveRecord: 10.5ms | Allocations: 8141)


  [1m[36mUser Load (1.4ms)[0m  [1m[34mSELECT `users`.* FROM `users`[0m
Started OPTIONS "/api/v1/auth/users" for 172.21.0.1 at 2022-05-06 16:14:09 +0900
Started OPTIONS "/api/v1/auth/users" for 172.21.0.1 at 2022-05-06 16:14:09 +0900
  [1m[36mActiveRecord::SchemaMigration Pluck (14.8ms)[0m  [1m[34mSELECT `schema_migrations`.`version` FROM `schema_migrations` ORDER BY `schema_migrations`.`version` ASC[0m
  
ActionController::RoutingError (No route matches [OPTIONS] "/api/v1/auth/users"):
  
  
ActionController::RoutingError (No route matches [OPTIONS] "/api/v1/auth/users"):
  
Started OPTIONS "/api/v1/auth/users" for 172.21.0.1 at 2022-05-06 16:14:29 +0900
Started OPTIONS "/api/v1/auth/users" for 172.21.0.1 at 2022-05-06 16:14:29 +0900
  
ActionController::RoutingError (No route matches [OPTIONS] "/api/v1/auth/users"):
  
  
ActionController::RoutingError (No route matches [OPTIONS] "/api/v1/auth/users"):
  
Started OPTIONS "/api/v1/auth/users" for 172.21.0.1 at 2022-05-06 16:15:36 +0900
Started OPTIONS "/api/v1/auth/users" for 172.21.0.1 at 2022-05-06 16:15:36 +0900
  
ActionController::RoutingError (No route matches [OPTIONS] "/api/v1/auth/users"):
  
  
ActionController::RoutingError (No route matches [OPTIONS] "/api/v1/auth/users"):
  
Started OPTIONS "/api/v1/auth/users" for 172.21.0.1 at 2022-05-06 16:17:56 +0900
Started OPTIONS "/api/v1/auth/users" for 172.21.0.1 at 2022-05-06 16:17:56 +0900
  
ActionController::RoutingError (No route matches [OPTIONS] "/api/v1/auth/users"):
  
  
ActionController::RoutingError (No route matches [OPTIONS] "/api/v1/auth/users"):
  
Started OPTIONS "/api/v1/auth/users" for 172.21.0.1 at 2022-05-06 16:18:34 +0900
Started OPTIONS "/api/v1/auth/users" for 172.21.0.1 at 2022-05-06 16:18:34 +0900
  
ActionController::RoutingError (No route matches [OPTIONS] "/api/v1/auth/users"):
  
  
ActionController::RoutingError (No route matches [OPTIONS] "/api/v1/auth/users"):
  
Started POST "/api/v1/auth/users" for 172.21.0.1 at 2022-05-06 16:19:41 +0900
Started POST "/api/v1/auth/users" for 172.21.0.1 at 2022-05-06 16:19:41 +0900
  [1m[36mActiveRecord::SchemaMigration Pluck (6.4ms)[0m  [1m[34mSELECT `schema_migrations`.`version` FROM `schema_migrations` ORDER BY `schema_migrations`.`version` ASC[0m
Processing by Api::V1::Auth::UsersController#create as HTML
  Parameters: {"token"=>"[FILTERED]", "user"=>{}}
Processing by Api::V1::Auth::UsersController#create as HTML
  Parameters: {"token"=>"[FILTERED]", "user"=>{}}
  [1m[36mUser Load (3.8ms)[0m  [1m[34mSELECT `users`.* FROM `users` WHERE `users`.`uid` = 'WDzn2cqQh7QFg2PPGRVGk1Cbcmx1' LIMIT 1[0m
  â†³ app/controllers/api/v1/auth/users_controller.rb:11:in `create'
  [1m[36mUser Load (3.3ms)[0m  [1m[34mSELECT `users`.* FROM `users` WHERE `users`.`uid` = 'WDzn2cqQh7QFg2PPGRVGk1Cbcmx1' LIMIT 1[0m
  â†³ app/controllers/api/v1/auth/users_controller.rb:11:in `create'
Completed 200 OK in 206ms (Views: 0.6ms | ActiveRecord: 14.0ms | Allocations: 10930)


Completed 200 OK in 203ms (Views: 0.7ms | ActiveRecord: 18.7ms | Allocations: 10959)


